<?xml version="1.0" encoding="UTF-8"?>
<!-- Generated by org.testng.reporters.JUnitXMLReporter -->
<testsuite ignored="0" hostname="Riddhis-MacBook-Air.local" failures="3" tests="10" name="Surefire test" time="97.036" errors="0" timestamp="2022-04-26T20:48:30 EDT">
  <testcase classname="com.ap.qa.testcases.HomePageTest" name="@BeforeMethod setUp" time="14.112">
    <failure type="org.openqa.selenium.NoSuchElementException" message="Unable to locate element: #email
For documentation on this error, please visit: https://selenium.dev/exceptions/#no_such_element
Build info: version: &amp;apos;4.1.1&amp;apos;, revision: &amp;apos;e8fcc2cecf&amp;apos;
System info: host: &amp;apos;Riddhis-MacBook-Air.local&amp;apos;, ip: &amp;apos;fe80:0:0:0:101a:bbb2:b30e:4ca%en0&amp;apos;, os.name: &amp;apos;Mac OS X&amp;apos;, os.arch: &amp;apos;x86_64&amp;apos;, os.version: &amp;apos;10.16&amp;apos;, java.version: &amp;apos;14.0.2&amp;apos;
Driver info: org.openqa.selenium.firefox.FirefoxDriver
Command: [ac3fa820-989a-4754-8889-954ac5022191, findElement {using=id, value=email}]
Capabilities {acceptInsecureCerts: true, browserName: firefox, browserVersion: 99.0.1, javascriptEnabled: true, moz:accessibilityChecks: false, moz:buildID: 20220411174855, moz:debuggerAddress: localhost:63709, moz:geckodriverVersion: 0.30.0, moz:headless: false, moz:processID: 3153, moz:profile: /var/folders/84/03kvb8rn6m9..., moz:shutdownTimeout: 60000, moz:useNonSpecCompliantPointerOrigin: false, moz:webdriverClick: true, pageLoadStrategy: normal, platform: MAC, platformName: MAC, platformVersion: 20.6.0, proxy: Proxy(), se:cdp: ws://localhost:63709/devtoo..., se:cdpVersion: 85, setWindowRect: true, strictFileInteractability: false, timeouts: {implicit: 0, pageLoad: 300000, script: 30000}, unhandledPromptBehavior: dismiss and notify}
Session ID: ac3fa820-989a-4754-8889-954ac5022191">
      <![CDATA[org.openqa.selenium.NoSuchElementException: Unable to locate element: #email
For documentation on this error, please visit: https://selenium.dev/exceptions/#no_such_element
Build info: version: '4.1.1', revision: 'e8fcc2cecf'
System info: host: 'Riddhis-MacBook-Air.local', ip: 'fe80:0:0:0:101a:bbb2:b30e:4ca%en0', os.name: 'Mac OS X', os.arch: 'x86_64', os.version: '10.16', java.version: '14.0.2'
Driver info: org.openqa.selenium.firefox.FirefoxDriver
Command: [ac3fa820-989a-4754-8889-954ac5022191, findElement {using=id, value=email}]
Capabilities {acceptInsecureCerts: true, browserName: firefox, browserVersion: 99.0.1, javascriptEnabled: true, moz:accessibilityChecks: false, moz:buildID: 20220411174855, moz:debuggerAddress: localhost:63709, moz:geckodriverVersion: 0.30.0, moz:headless: false, moz:processID: 3153, moz:profile: /var/folders/84/03kvb8rn6m9..., moz:shutdownTimeout: 60000, moz:useNonSpecCompliantPointerOrigin: false, moz:webdriverClick: true, pageLoadStrategy: normal, platform: MAC, platformName: MAC, platformVersion: 20.6.0, proxy: Proxy(), se:cdp: ws://localhost:63709/devtoo..., se:cdpVersion: 85, setWindowRect: true, strictFileInteractability: false, timeouts: {implicit: 0, pageLoad: 300000, script: 30000}, unhandledPromptBehavior: dismiss and notify}
Session ID: ac3fa820-989a-4754-8889-954ac5022191
at org.openqa.selenium.remote.codec.w3c.W3CHttpResponseCodec.createException(W3CHttpResponseCodec.java:200)
at org.openqa.selenium.remote.codec.w3c.W3CHttpResponseCodec.decode(W3CHttpResponseCodec.java:133)
at org.openqa.selenium.remote.codec.w3c.W3CHttpResponseCodec.decode(W3CHttpResponseCodec.java:53)
at org.openqa.selenium.remote.HttpCommandExecutor.execute(HttpCommandExecutor.java:184)
at org.openqa.selenium.remote.service.DriverCommandExecutor.invokeExecute(DriverCommandExecutor.java:167)
at org.openqa.selenium.remote.service.DriverCommandExecutor.execute(DriverCommandExecutor.java:142)
at org.openqa.selenium.remote.RemoteWebDriver.execute(RemoteWebDriver.java:543)
at org.openqa.selenium.remote.ElementLocation$ElementFinder$2.findElement(ElementLocation.java:162)
at org.openqa.selenium.remote.ElementLocation.findElement(ElementLocation.java:66)
at org.openqa.selenium.remote.RemoteWebDriver.findElement(RemoteWebDriver.java:367)
at org.openqa.selenium.remote.RemoteWebDriver.findElement(RemoteWebDriver.java:359)
at org.openqa.selenium.support.events.EventFiringWebDriver.lambda$new$1(EventFiringWebDriver.java:115)
at com.sun.proxy.$Proxy14.findElement(Unknown Source)
at org.openqa.selenium.support.events.EventFiringWebDriver.findElement(EventFiringWebDriver.java:204)
at org.openqa.selenium.support.pagefactory.DefaultElementLocator.findElement(DefaultElementLocator.java:70)
at org.openqa.selenium.support.pagefactory.internal.LocatingElementHandler.invoke(LocatingElementHandler.java:39)
at com.sun.proxy.$Proxy18.sendKeys(Unknown Source)
at com.ap.qa.pages.LoginPage.login(LoginPage.java:44)
at com.ap.qa.testcases.HomePageTest.setUp(HomePageTest.java:27)
at java.base/java.util.ArrayList.forEach(ArrayList.java:1511)
... Removed 45 stack frames]]>
    </failure>
  </testcase> <!-- @BeforeMethod setUp -->
  <testcase classname="com.ap.qa.testcases.HomePageTest" name="@AfterMethod tearDown" time="-1.651020467843E9">
    <skipped/>
  </testcase> <!-- @AfterMethod tearDown -->
  <testcase classname="com.ap.qa.testcases.HomePageTest" name="@BeforeMethod setUp" time="-1.651020467843E9">
    <skipped/>
  </testcase> <!-- @BeforeMethod setUp -->
  <testcase classname="com.ap.qa.testcases.HomePageTest" name="@AfterMethod tearDown" time="-1.651020467844E9">
    <skipped/>
  </testcase> <!-- @AfterMethod tearDown -->
  <testcase classname="com.ap.qa.testcases.HomePageTest" name="@BeforeMethod setUp" time="-1.651020467845E9">
    <skipped/>
  </testcase> <!-- @BeforeMethod setUp -->
  <testcase classname="com.ap.qa.testcases.HomePageTest" name="@AfterMethod tearDown" time="-1.651020467845E9">
    <skipped/>
  </testcase> <!-- @AfterMethod tearDown -->
  <testcase classname="com.ap.qa.testcases.DressesPageTest" name="verifyTitleOfDressesTest" time="0.012"/>
  <testcase classname="com.ap.qa.testcases.DressesPageTest" name="verifyBannerOfDressesTest" time="0.056"/>
  <testcase classname="com.ap.qa.testcases.DressesPageTest" name="getListOfCategoriesTest" time="6.052"/>
  <testcase classname="com.ap.qa.testcases.HomePageTest" name="homepageTitleTest" time="0.0">
    <skipped/>
  </testcase> <!-- homepageTitleTest -->
  <testcase classname="com.ap.qa.testcases.HomePageTest" name="validateLinkTest" time="0.0">
    <skipped/>
  </testcase> <!-- validateLinkTest -->
  <testcase classname="com.ap.qa.testcases.HomePageTest" name="clickOnDressesLinkTest" time="0.0">
    <skipped/>
  </testcase> <!-- clickOnDressesLinkTest -->
  <testcase classname="com.ap.qa.testcases.LoginPageTest" name="loginTitleTest" time="0.011">
    <failure type="java.lang.AssertionError" message="expected [Login - My Store] but found [508 Resource Limit Is Reached]">
      <![CDATA[java.lang.AssertionError: expected [Login - My Store] but found [508 Resource Limit Is Reached]
at com.ap.qa.testcases.LoginPageTest.loginTitleTest(LoginPageTest.java:30)
at java.base/java.util.ArrayList.forEach(ArrayList.java:1511)
... Removed 38 stack frames]]>
    </failure>
  </testcase> <!-- loginTitleTest -->
  <testcase classname="com.ap.qa.testcases.LoginPageTest" name="validateLogoTest" time="10.166">
    <failure type="org.openqa.selenium.NoSuchElementException" message="Unable to locate element: #header_logo
For documentation on this error, please visit: https://selenium.dev/exceptions/#no_such_element
Build info: version: &amp;apos;4.1.1&amp;apos;, revision: &amp;apos;e8fcc2cecf&amp;apos;
System info: host: &amp;apos;Riddhis-MacBook-Air.local&amp;apos;, ip: &amp;apos;fe80:0:0:0:101a:bbb2:b30e:4ca%en0&amp;apos;, os.name: &amp;apos;Mac OS X&amp;apos;, os.arch: &amp;apos;x86_64&amp;apos;, os.version: &amp;apos;10.16&amp;apos;, java.version: &amp;apos;14.0.2&amp;apos;
Driver info: org.openqa.selenium.firefox.FirefoxDriver
Command: [c983ee8a-6cd5-4bd5-adc5-a712c6f784b3, findElement {using=id, value=header_logo}]
Capabilities {acceptInsecureCerts: true, browserName: firefox, browserVersion: 99.0.1, javascriptEnabled: true, moz:accessibilityChecks: false, moz:buildID: 20220411174855, moz:debuggerAddress: localhost:56842, moz:geckodriverVersion: 0.30.0, moz:headless: false, moz:processID: 3200, moz:profile: /var/folders/84/03kvb8rn6m9..., moz:shutdownTimeout: 60000, moz:useNonSpecCompliantPointerOrigin: false, moz:webdriverClick: true, pageLoadStrategy: normal, platform: MAC, platformName: MAC, platformVersion: 20.6.0, proxy: Proxy(), se:cdp: ws://localhost:56842/devtoo..., se:cdpVersion: 85, setWindowRect: true, strictFileInteractability: false, timeouts: {implicit: 0, pageLoad: 300000, script: 30000}, unhandledPromptBehavior: dismiss and notify}
Session ID: c983ee8a-6cd5-4bd5-adc5-a712c6f784b3">
      <![CDATA[org.openqa.selenium.NoSuchElementException: Unable to locate element: #header_logo
For documentation on this error, please visit: https://selenium.dev/exceptions/#no_such_element
Build info: version: '4.1.1', revision: 'e8fcc2cecf'
System info: host: 'Riddhis-MacBook-Air.local', ip: 'fe80:0:0:0:101a:bbb2:b30e:4ca%en0', os.name: 'Mac OS X', os.arch: 'x86_64', os.version: '10.16', java.version: '14.0.2'
Driver info: org.openqa.selenium.firefox.FirefoxDriver
Command: [c983ee8a-6cd5-4bd5-adc5-a712c6f784b3, findElement {using=id, value=header_logo}]
Capabilities {acceptInsecureCerts: true, browserName: firefox, browserVersion: 99.0.1, javascriptEnabled: true, moz:accessibilityChecks: false, moz:buildID: 20220411174855, moz:debuggerAddress: localhost:56842, moz:geckodriverVersion: 0.30.0, moz:headless: false, moz:processID: 3200, moz:profile: /var/folders/84/03kvb8rn6m9..., moz:shutdownTimeout: 60000, moz:useNonSpecCompliantPointerOrigin: false, moz:webdriverClick: true, pageLoadStrategy: normal, platform: MAC, platformName: MAC, platformVersion: 20.6.0, proxy: Proxy(), se:cdp: ws://localhost:56842/devtoo..., se:cdpVersion: 85, setWindowRect: true, strictFileInteractability: false, timeouts: {implicit: 0, pageLoad: 300000, script: 30000}, unhandledPromptBehavior: dismiss and notify}
Session ID: c983ee8a-6cd5-4bd5-adc5-a712c6f784b3
at org.openqa.selenium.remote.codec.w3c.W3CHttpResponseCodec.createException(W3CHttpResponseCodec.java:200)
at org.openqa.selenium.remote.codec.w3c.W3CHttpResponseCodec.decode(W3CHttpResponseCodec.java:133)
at org.openqa.selenium.remote.codec.w3c.W3CHttpResponseCodec.decode(W3CHttpResponseCodec.java:53)
at org.openqa.selenium.remote.HttpCommandExecutor.execute(HttpCommandExecutor.java:184)
at org.openqa.selenium.remote.service.DriverCommandExecutor.invokeExecute(DriverCommandExecutor.java:167)
at org.openqa.selenium.remote.service.DriverCommandExecutor.execute(DriverCommandExecutor.java:142)
at org.openqa.selenium.remote.RemoteWebDriver.execute(RemoteWebDriver.java:543)
at org.openqa.selenium.remote.ElementLocation$ElementFinder$2.findElement(ElementLocation.java:162)
at org.openqa.selenium.remote.ElementLocation.findElement(ElementLocation.java:66)
at org.openqa.selenium.remote.RemoteWebDriver.findElement(RemoteWebDriver.java:367)
at org.openqa.selenium.remote.RemoteWebDriver.findElement(RemoteWebDriver.java:359)
at org.openqa.selenium.support.events.EventFiringWebDriver.lambda$new$1(EventFiringWebDriver.java:115)
at com.sun.proxy.$Proxy14.findElement(Unknown Source)
at org.openqa.selenium.support.events.EventFiringWebDriver.findElement(EventFiringWebDriver.java:204)
at org.openqa.selenium.support.pagefactory.DefaultElementLocator.findElement(DefaultElementLocator.java:70)
at org.openqa.selenium.support.pagefactory.internal.LocatingElementHandler.invoke(LocatingElementHandler.java:39)
at com.sun.proxy.$Proxy18.isDisplayed(Unknown Source)
at com.ap.qa.pages.LoginPage.validateLogo(LoginPage.java:40)
at com.ap.qa.testcases.LoginPageTest.validateLogoTest(LoginPageTest.java:35)
at java.base/java.util.ArrayList.forEach(ArrayList.java:1511)
... Removed 41 stack frames]]>
    </failure>
  </testcase> <!-- validateLogoTest -->
  <testcase classname="com.ap.qa.testcases.LoginPageTest" name="validateLinkTest" time="10.163">
    <failure type="org.openqa.selenium.NoSuchElementException" message="Unable to locate element: //span[@class=&amp;apos;navigation_page&amp;apos;]
For documentation on this error, please visit: https://selenium.dev/exceptions/#no_such_element
Build info: version: &amp;apos;4.1.1&amp;apos;, revision: &amp;apos;e8fcc2cecf&amp;apos;
System info: host: &amp;apos;Riddhis-MacBook-Air.local&amp;apos;, ip: &amp;apos;fe80:0:0:0:101a:bbb2:b30e:4ca%en0&amp;apos;, os.name: &amp;apos;Mac OS X&amp;apos;, os.arch: &amp;apos;x86_64&amp;apos;, os.version: &amp;apos;10.16&amp;apos;, java.version: &amp;apos;14.0.2&amp;apos;
Driver info: org.openqa.selenium.firefox.FirefoxDriver
Command: [7a5f00e0-1716-4dce-a822-e79979c89ab7, findElement {using=xpath, value=//span[@class=&amp;apos;navigation_page&amp;apos;]}]
Capabilities {acceptInsecureCerts: true, browserName: firefox, browserVersion: 99.0.1, javascriptEnabled: true, moz:accessibilityChecks: false, moz:buildID: 20220411174855, moz:debuggerAddress: localhost:62004, moz:geckodriverVersion: 0.30.0, moz:headless: false, moz:processID: 3226, moz:profile: /var/folders/84/03kvb8rn6m9..., moz:shutdownTimeout: 60000, moz:useNonSpecCompliantPointerOrigin: false, moz:webdriverClick: true, pageLoadStrategy: normal, platform: MAC, platformName: MAC, platformVersion: 20.6.0, proxy: Proxy(), se:cdp: ws://localhost:62004/devtoo..., se:cdpVersion: 85, setWindowRect: true, strictFileInteractability: false, timeouts: {implicit: 0, pageLoad: 300000, script: 30000}, unhandledPromptBehavior: dismiss and notify}
Session ID: 7a5f00e0-1716-4dce-a822-e79979c89ab7">
      <![CDATA[org.openqa.selenium.NoSuchElementException: Unable to locate element: //span[@class='navigation_page']
For documentation on this error, please visit: https://selenium.dev/exceptions/#no_such_element
Build info: version: '4.1.1', revision: 'e8fcc2cecf'
System info: host: 'Riddhis-MacBook-Air.local', ip: 'fe80:0:0:0:101a:bbb2:b30e:4ca%en0', os.name: 'Mac OS X', os.arch: 'x86_64', os.version: '10.16', java.version: '14.0.2'
Driver info: org.openqa.selenium.firefox.FirefoxDriver
Command: [7a5f00e0-1716-4dce-a822-e79979c89ab7, findElement {using=xpath, value=//span[@class='navigation_page']}]
Capabilities {acceptInsecureCerts: true, browserName: firefox, browserVersion: 99.0.1, javascriptEnabled: true, moz:accessibilityChecks: false, moz:buildID: 20220411174855, moz:debuggerAddress: localhost:62004, moz:geckodriverVersion: 0.30.0, moz:headless: false, moz:processID: 3226, moz:profile: /var/folders/84/03kvb8rn6m9..., moz:shutdownTimeout: 60000, moz:useNonSpecCompliantPointerOrigin: false, moz:webdriverClick: true, pageLoadStrategy: normal, platform: MAC, platformName: MAC, platformVersion: 20.6.0, proxy: Proxy(), se:cdp: ws://localhost:62004/devtoo..., se:cdpVersion: 85, setWindowRect: true, strictFileInteractability: false, timeouts: {implicit: 0, pageLoad: 300000, script: 30000}, unhandledPromptBehavior: dismiss and notify}
Session ID: 7a5f00e0-1716-4dce-a822-e79979c89ab7
at org.openqa.selenium.remote.codec.w3c.W3CHttpResponseCodec.createException(W3CHttpResponseCodec.java:200)
at org.openqa.selenium.remote.codec.w3c.W3CHttpResponseCodec.decode(W3CHttpResponseCodec.java:133)
at org.openqa.selenium.remote.codec.w3c.W3CHttpResponseCodec.decode(W3CHttpResponseCodec.java:53)
at org.openqa.selenium.remote.HttpCommandExecutor.execute(HttpCommandExecutor.java:184)
at org.openqa.selenium.remote.service.DriverCommandExecutor.invokeExecute(DriverCommandExecutor.java:167)
at org.openqa.selenium.remote.service.DriverCommandExecutor.execute(DriverCommandExecutor.java:142)
at org.openqa.selenium.remote.RemoteWebDriver.execute(RemoteWebDriver.java:543)
at org.openqa.selenium.remote.ElementLocation$ElementFinder$2.findElement(ElementLocation.java:162)
at org.openqa.selenium.remote.ElementLocation.findElement(ElementLocation.java:60)
at org.openqa.selenium.remote.RemoteWebDriver.findElement(RemoteWebDriver.java:367)
at org.openqa.selenium.remote.RemoteWebDriver.findElement(RemoteWebDriver.java:359)
at org.openqa.selenium.support.events.EventFiringWebDriver.lambda$new$1(EventFiringWebDriver.java:115)
at com.sun.proxy.$Proxy14.findElement(Unknown Source)
at org.openqa.selenium.support.events.EventFiringWebDriver.findElement(EventFiringWebDriver.java:204)
at org.openqa.selenium.support.pagefactory.DefaultElementLocator.findElement(DefaultElementLocator.java:70)
at org.openqa.selenium.support.pagefactory.internal.LocatingElementHandler.invoke(LocatingElementHandler.java:39)
at com.sun.proxy.$Proxy18.getText(Unknown Source)
at com.ap.qa.pages.LoginPage.validateAuthLink(LoginPage.java:36)
at com.ap.qa.testcases.LoginPageTest.validateLinkTest(LoginPageTest.java:42)
at java.base/java.util.ArrayList.forEach(ArrayList.java:1511)
... Removed 41 stack frames]]>
    </failure>
  </testcase> <!-- validateLinkTest -->
  <testcase classname="com.ap.qa.testcases.LoginPageTest" name="loginTest" time="0.316"/>
</testsuite> <!-- Surefire test -->
