<?xml version="1.0" encoding="UTF-8"?>
<testsuite xmlns:xsi="http://www.w3.org/2001/XMLSchema-instance" xsi:noNamespaceSchemaLocation="https://maven.apache.org/surefire/maven-surefire-plugin/xsd/surefire-test-report.xsd" name="TestSuite" time="95.88" tests="16" errors="0" skipped="8" failures="1">
  <properties>
[...]
</properties>
  <testcase name="verifyTitleOfDressesTest" classname="com.ap.qa.testcases.DressesPageTest" time="0.018"/>
  <testcase name="verifyBannerOfDressesTest" classname="com.ap.qa.testcases.DressesPageTest" time="0.056"/>
  <testcase name="getListOfCategoriesTest" classname="com.ap.qa.testcases.DressesPageTest" time="5.952"/>
  <testcase name="setUp" classname="com.ap.qa.testcases.HomePageTest" time="6.434">
    <failure message="Could not start a new session. Possible causes are invalid address of the remote server or browser start-up failure." type="org.openqa.selenium.SessionNotCreatedException">org.openqa.selenium.SessionNotCreatedException: Could not start a new session. Possible causes are invalid address of the remote server or browser start-up failure.
	at com.ap.qa.testcases.HomePageTest.setUp(HomePageTest.java:24)
Caused by: org.openqa.selenium.WebDriverException: 
Timed out waiting for driver server to start.
Build info: version: '4.1.1', revision: 'e8fcc2cecf'
System info: host: 'Riddhis-MacBook-Air.local', ip: 'fe80:0:0:0:18ed:c0b8:be5:aa6d%en0', os.name: 'Mac OS X', os.arch: 'x86_64', os.version: '10.16', java.version: '15.0.1'
Driver info: driver.version: FirefoxDriver
	at com.ap.qa.testcases.HomePageTest.setUp(HomePageTest.java:24)
Caused by: java.util.concurrent.ExecutionException: java.io.UncheckedIOException: java.net.SocketException: Invalid argument
	at com.ap.qa.testcases.HomePageTest.setUp(HomePageTest.java:24)
Caused by: java.io.UncheckedIOException: java.net.SocketException: Invalid argument
Caused by: java.net.SocketException: Invalid argument
</failure>
    <system-err><![CDATA[1651163395733	Marionette	INFO	Stopped listening on port 50930
1651163396176	geckodriver	INFO	Listening on 127.0.0.1:51042
]]></system-err>
  </testcase>
  <testcase name="setUp" classname="com.ap.qa.testcases.HomePageTest" time="0">
    <skipped/>
  </testcase>
  <testcase name="setUp" classname="com.ap.qa.testcases.HomePageTest" time="0">
    <skipped/>
  </testcase>
  <testcase name="homepageTitleTest" classname="com.ap.qa.testcases.HomePageTest" time="0">
    <skipped message="Could not start a new session. Possible causes are invalid address of the remote server or browser start-up failure."/>
  </testcase>
  <testcase name="tearDown" classname="com.ap.qa.testcases.HomePageTest" time="0">
    <skipped/>
  </testcase>
  <testcase name="tearDown" classname="com.ap.qa.testcases.HomePageTest" time="0">
    <skipped/>
  </testcase>
  <testcase name="tearDown" classname="com.ap.qa.testcases.HomePageTest" time="0">
    <skipped/>
  </testcase>
  <testcase name="validateLinkTest" classname="com.ap.qa.testcases.HomePageTest" time="0">
    <skipped message="Could not start a new session. Possible causes are invalid address of the remote server or browser start-up failure."/>
  </testcase>
  <testcase name="clickOnDressesLinkTest" classname="com.ap.qa.testcases.HomePageTest" time="0">
    <skipped message="Could not start a new session. Possible causes are invalid address of the remote server or browser start-up failure."/>
  </testcase>
  <testcase name="loginTitleTest" classname="com.ap.qa.testcases.LoginPageTest" time="0.013"/>
  <testcase name="validateLogoTest" classname="com.ap.qa.testcases.LoginPageTest" time="0.045"/>
  <testcase name="validateLinkTest" classname="com.ap.qa.testcases.LoginPageTest" time="0.04"/>
  <testcase name="loginTest" classname="com.ap.qa.testcases.LoginPageTest" time="5.431"/>
</testsuite>