<?xml version="1.0" encoding="UTF-8"?>
<testsuite xmlns:xsi="http://www.w3.org/2001/XMLSchema-instance" xsi:noNamespaceSchemaLocation="https://maven.apache.org/surefire/maven-surefire-plugin/xsd/surefire-test-report.xsd" name="TestSuite" time="102.678" tests="16" errors="0" skipped="8" failures="4">
  <properties>
[...]
</properties>
  <testcase name="verifyTitleOfDressesTest" classname="com.ap.qa.testcases.DressesPageTest" time="0.017"/>
  <testcase name="verifyBannerOfDressesTest" classname="com.ap.qa.testcases.DressesPageTest" time="0.058"/>
  <testcase name="getListOfCategoriesTest" classname="com.ap.qa.testcases.DressesPageTest" time="6.058"/>
  <testcase name="setUp" classname="com.ap.qa.testcases.HomePageTest" time="20.681">
    <failure message="Unable to locate element: #email&#10;For documentation on this error, please visit: https://selenium.dev/exceptions/#no_such_element&#10;Build info: version: &apos;4.1.1&apos;, revision: &apos;e8fcc2cecf&apos;&#10;System info: host: &apos;Riddhis-MacBook-Air.local&apos;, ip: &apos;fe80:0:0:0:101a:bbb2:b30e:4ca%en0&apos;, os.name: &apos;Mac OS X&apos;, os.arch: &apos;x86_64&apos;, os.version: &apos;10.16&apos;, java.version: &apos;14.0.2&apos;&#10;Driver info: org.openqa.selenium.firefox.FirefoxDriver&#10;Command: [ac3fa820-989a-4754-8889-954ac5022191, findElement {using=id, value=email}]&#10;Capabilities {acceptInsecureCerts: true, browserName: firefox, browserVersion: 99.0.1, javascriptEnabled: true, moz:accessibilityChecks: false, moz:buildID: 20220411174855, moz:debuggerAddress: localhost:63709, moz:geckodriverVersion: 0.30.0, moz:headless: false, moz:processID: 3153, moz:profile: /var/folders/84/03kvb8rn6m9..., moz:shutdownTimeout: 60000, moz:useNonSpecCompliantPointerOrigin: false, moz:webdriverClick: true, pageLoadStrategy: normal, platform: MAC, platformName: MAC, platformVersion: 20.6.0, proxy: Proxy(), se:cdp: ws://localhost:63709/devtoo..., se:cdpVersion: 85, setWindowRect: true, strictFileInteractability: false, timeouts: {implicit: 0, pageLoad: 300000, script: 30000}, unhandledPromptBehavior: dismiss and notify}&#10;Session ID: ac3fa820-989a-4754-8889-954ac5022191" type="org.openqa.selenium.NoSuchElementException">org.openqa.selenium.NoSuchElementException: 
Unable to locate element: #email
For documentation on this error, please visit: https://selenium.dev/exceptions/#no_such_element
Build info: version: '4.1.1', revision: 'e8fcc2cecf'
System info: host: 'Riddhis-MacBook-Air.local', ip: 'fe80:0:0:0:101a:bbb2:b30e:4ca%en0', os.name: 'Mac OS X', os.arch: 'x86_64', os.version: '10.16', java.version: '14.0.2'
Driver info: org.openqa.selenium.firefox.FirefoxDriver
Command: [ac3fa820-989a-4754-8889-954ac5022191, findElement {using=id, value=email}]
Capabilities {acceptInsecureCerts: true, browserName: firefox, browserVersion: 99.0.1, javascriptEnabled: true, moz:accessibilityChecks: false, moz:buildID: 20220411174855, moz:debuggerAddress: localhost:63709, moz:geckodriverVersion: 0.30.0, moz:headless: false, moz:processID: 3153, moz:profile: /var/folders/84/03kvb8rn6m9..., moz:shutdownTimeout: 60000, moz:useNonSpecCompliantPointerOrigin: false, moz:webdriverClick: true, pageLoadStrategy: normal, platform: MAC, platformName: MAC, platformVersion: 20.6.0, proxy: Proxy(), se:cdp: ws://localhost:63709/devtoo..., se:cdpVersion: 85, setWindowRect: true, strictFileInteractability: false, timeouts: {implicit: 0, pageLoad: 300000, script: 30000}, unhandledPromptBehavior: dismiss and notify}
Session ID: ac3fa820-989a-4754-8889-954ac5022191
	at com.ap.qa.testcases.HomePageTest.setUp(HomePageTest.java:27)
</failure>
    <system-out><![CDATA[Before navigating to: 'http://automationpractice.com/index.php?controller=authentication&back=my-account'
Navigated to:'http://automationpractice.com/index.php?controller=authentication&back=my-account'
Trying to find Element By : By.id: email
Exception occured: org.openqa.selenium.NoSuchElementException: Unable to locate element: #email
For documentation on this error, please visit: https://selenium.dev/exceptions/#no_such_element
Build info: version: '4.1.1', revision: 'e8fcc2cecf'
System info: host: 'Riddhis-MacBook-Air.local', ip: 'fe80:0:0:0:101a:bbb2:b30e:4ca%en0', os.name: 'Mac OS X', os.arch: 'x86_64', os.version: '10.16', java.version: '14.0.2'
Driver info: org.openqa.selenium.firefox.FirefoxDriver
Command: [ac3fa820-989a-4754-8889-954ac5022191, findElement {using=id, value=email}]
Capabilities {acceptInsecureCerts: true, browserName: firefox, browserVersion: 99.0.1, javascriptEnabled: true, moz:accessibilityChecks: false, moz:buildID: 20220411174855, moz:debuggerAddress: localhost:63709, moz:geckodriverVersion: 0.30.0, moz:headless: false, moz:processID: 3153, moz:profile: /var/folders/84/03kvb8rn6m9..., moz:shutdownTimeout: 60000, moz:useNonSpecCompliantPointerOrigin: false, moz:webdriverClick: true, pageLoadStrategy: normal, platform: MAC, platformName: MAC, platformVersion: 20.6.0, proxy: Proxy(), se:cdp: ws://localhost:63709/devtoo..., se:cdpVersion: 85, setWindowRect: true, strictFileInteractability: false, timeouts: {implicit: 0, pageLoad: 300000, script: 30000}, unhandledPromptBehavior: dismiss and notify}
Session ID: ac3fa820-989a-4754-8889-954ac5022191
]]></system-out>
    <system-err><![CDATA[1651020453226	Marionette	INFO	Stopped listening on port 54481

###!!! [Parent][PImageBridgeParent] Error: RunMessage(msgname=PImageBridge::Msg_WillClose) Channel closing: too late to send/recv, messages will be lost

1651020453750	geckodriver	INFO	Listening on 127.0.0.1:49440
1651020453898	mozrunner::runner	INFO	Running command: "/Applications/Firefox.app/Contents/MacOS/firefox-bin" "--marionette" "--remote-debugging-port" "63709" "-foreground" "-no-remote" "-profile" "/var/folders/84/03kvb8rn6m95rb0fsfplbhg40000gn/T/rust_mozprofilefG9Iz8"
1651020454266	Marionette	INFO	Marionette enabled
console.warn: SearchSettings: "get: No settings file exists, new profile?" (new NotFoundError("Could not open the file at /var/folders/84/03kvb8rn6m95rb0fsfplbhg40000gn/T/rust_mozprofilefG9Iz8/search.json.mozlz4", (void 0)))
console.error: BackgroundUpdate: 
  _reasonsToNotScheduleUpdates: Failed to check for Maintenance Service Registry Key: [Exception... "Component returned failure code: 0x80004001 (NS_ERROR_NOT_IMPLEMENTED) [nsIUpdateProcessor.getServiceRegKeyExists]"  nsresult: "0x80004001 (NS_ERROR_NOT_IMPLEMENTED)"  location: "JS frame :: resource://gre/modules/BackgroundUpdate.jsm :: _reasonsToNotScheduleUpdates :: line 241"  data: no]
DevTools listening on ws://localhost:63709/devtools/browser/c6d0771c-9020-4193-8656-8decc983f713
1651020455594	Marionette	INFO	Listening on port 54591
1651020455727	RemoteAgent	WARN	TLS certificate errors will be ignored for this session
Apr. 26, 2022 8:47:35 P.M. org.openqa.selenium.remote.ProtocolHandshake createSession
INFO: Detected dialect: W3C
]]></system-err>
  </testcase>
  <testcase name="setUp" classname="com.ap.qa.testcases.HomePageTest" time="0">
    <skipped/>
  </testcase>
  <testcase name="setUp" classname="com.ap.qa.testcases.HomePageTest" time="0">
    <skipped/>
  </testcase>
  <testcase name="homepageTitleTest" classname="com.ap.qa.testcases.HomePageTest" time="0">
    <skipped message="Unable to locate element: #email&#10;For documentation on this error, please visit: https://selenium.dev/exceptions/#no_such_element&#10;Build info: version: &apos;4.1.1&apos;, revision: &apos;e8fcc2cecf&apos;&#10;System info: host: &apos;Riddhis-MacBook-Air.local&apos;, ip: &apos;fe80:0:0:0:101a:bbb2:b30e:4ca%en0&apos;, os.name: &apos;Mac OS X&apos;, os.arch: &apos;x86_64&apos;, os.version: &apos;10.16&apos;, java.version: &apos;14.0.2&apos;&#10;Driver info: org.openqa.selenium.firefox.FirefoxDriver&#10;Command: [ac3fa820-989a-4754-8889-954ac5022191, findElement {using=id, value=email}]&#10;Capabilities {acceptInsecureCerts: true, browserName: firefox, browserVersion: 99.0.1, javascriptEnabled: true, moz:accessibilityChecks: false, moz:buildID: 20220411174855, moz:debuggerAddress: localhost:63709, moz:geckodriverVersion: 0.30.0, moz:headless: false, moz:processID: 3153, moz:profile: /var/folders/84/03kvb8rn6m9..., moz:shutdownTimeout: 60000, moz:useNonSpecCompliantPointerOrigin: false, moz:webdriverClick: true, pageLoadStrategy: normal, platform: MAC, platformName: MAC, platformVersion: 20.6.0, proxy: Proxy(), se:cdp: ws://localhost:63709/devtoo..., se:cdpVersion: 85, setWindowRect: true, strictFileInteractability: false, timeouts: {implicit: 0, pageLoad: 300000, script: 30000}, unhandledPromptBehavior: dismiss and notify}&#10;Session ID: ac3fa820-989a-4754-8889-954ac5022191"/>
  </testcase>
  <testcase name="tearDown" classname="com.ap.qa.testcases.HomePageTest" time="0">
    <skipped/>
  </testcase>
  <testcase name="tearDown" classname="com.ap.qa.testcases.HomePageTest" time="0">
    <skipped/>
  </testcase>
  <testcase name="tearDown" classname="com.ap.qa.testcases.HomePageTest" time="0">
    <skipped/>
  </testcase>
  <testcase name="validateLinkTest" classname="com.ap.qa.testcases.HomePageTest" time="0">
    <skipped message="Unable to locate element: #email&#10;For documentation on this error, please visit: https://selenium.dev/exceptions/#no_such_element&#10;Build info: version: &apos;4.1.1&apos;, revision: &apos;e8fcc2cecf&apos;&#10;System info: host: &apos;Riddhis-MacBook-Air.local&apos;, ip: &apos;fe80:0:0:0:101a:bbb2:b30e:4ca%en0&apos;, os.name: &apos;Mac OS X&apos;, os.arch: &apos;x86_64&apos;, os.version: &apos;10.16&apos;, java.version: &apos;14.0.2&apos;&#10;Driver info: org.openqa.selenium.firefox.FirefoxDriver&#10;Command: [ac3fa820-989a-4754-8889-954ac5022191, findElement {using=id, value=email}]&#10;Capabilities {acceptInsecureCerts: true, browserName: firefox, browserVersion: 99.0.1, javascriptEnabled: true, moz:accessibilityChecks: false, moz:buildID: 20220411174855, moz:debuggerAddress: localhost:63709, moz:geckodriverVersion: 0.30.0, moz:headless: false, moz:processID: 3153, moz:profile: /var/folders/84/03kvb8rn6m9..., moz:shutdownTimeout: 60000, moz:useNonSpecCompliantPointerOrigin: false, moz:webdriverClick: true, pageLoadStrategy: normal, platform: MAC, platformName: MAC, platformVersion: 20.6.0, proxy: Proxy(), se:cdp: ws://localhost:63709/devtoo..., se:cdpVersion: 85, setWindowRect: true, strictFileInteractability: false, timeouts: {implicit: 0, pageLoad: 300000, script: 30000}, unhandledPromptBehavior: dismiss and notify}&#10;Session ID: ac3fa820-989a-4754-8889-954ac5022191"/>
  </testcase>
  <testcase name="clickOnDressesLinkTest" classname="com.ap.qa.testcases.HomePageTest" time="0">
    <skipped message="Unable to locate element: #email&#10;For documentation on this error, please visit: https://selenium.dev/exceptions/#no_such_element&#10;Build info: version: &apos;4.1.1&apos;, revision: &apos;e8fcc2cecf&apos;&#10;System info: host: &apos;Riddhis-MacBook-Air.local&apos;, ip: &apos;fe80:0:0:0:101a:bbb2:b30e:4ca%en0&apos;, os.name: &apos;Mac OS X&apos;, os.arch: &apos;x86_64&apos;, os.version: &apos;10.16&apos;, java.version: &apos;14.0.2&apos;&#10;Driver info: org.openqa.selenium.firefox.FirefoxDriver&#10;Command: [ac3fa820-989a-4754-8889-954ac5022191, findElement {using=id, value=email}]&#10;Capabilities {acceptInsecureCerts: true, browserName: firefox, browserVersion: 99.0.1, javascriptEnabled: true, moz:accessibilityChecks: false, moz:buildID: 20220411174855, moz:debuggerAddress: localhost:63709, moz:geckodriverVersion: 0.30.0, moz:headless: false, moz:processID: 3153, moz:profile: /var/folders/84/03kvb8rn6m9..., moz:shutdownTimeout: 60000, moz:useNonSpecCompliantPointerOrigin: false, moz:webdriverClick: true, pageLoadStrategy: normal, platform: MAC, platformName: MAC, platformVersion: 20.6.0, proxy: Proxy(), se:cdp: ws://localhost:63709/devtoo..., se:cdpVersion: 85, setWindowRect: true, strictFileInteractability: false, timeouts: {implicit: 0, pageLoad: 300000, script: 30000}, unhandledPromptBehavior: dismiss and notify}&#10;Session ID: ac3fa820-989a-4754-8889-954ac5022191"/>
  </testcase>
  <testcase name="loginTitleTest" classname="com.ap.qa.testcases.LoginPageTest" time="0.011">
    <failure message="expected [Login - My Store] but found [508 Resource Limit Is Reached]" type="java.lang.AssertionError">java.lang.AssertionError: expected [Login - My Store] but found [508 Resource Limit Is Reached]
	at com.ap.qa.testcases.LoginPageTest.loginTitleTest(LoginPageTest.java:30)
</failure>
    <system-out><![CDATA[Before navigating to: 'http://automationpractice.com/index.php?controller=authentication&back=my-account'
Navigated to:'http://automationpractice.com/index.php?controller=authentication&back=my-account'
]]></system-out>
    <system-err><![CDATA[1651020467864	geckodriver	INFO	Listening on 127.0.0.1:60150
1651020467900	mozrunner::runner	INFO	Running command: "/Applications/Firefox.app/Contents/MacOS/firefox-bin" "--marionette" "--remote-debugging-port" "62775" "-foreground" "-no-remote" "-profile" "/var/folders/84/03kvb8rn6m95rb0fsfplbhg40000gn/T/rust_mozprofilehTG4of"
1651020468382	Marionette	INFO	Marionette enabled
console.warn: SearchSettings: "get: No settings file exists, new profile?" (new NotFoundError("Could not open the file at /var/folders/84/03kvb8rn6m95rb0fsfplbhg40000gn/T/rust_mozprofilehTG4of/search.json.mozlz4", (void 0)))
console.error: BackgroundUpdate: 
  _reasonsToNotScheduleUpdates: Failed to check for Maintenance Service Registry Key: [Exception... "Component returned failure code: 0x80004001 (NS_ERROR_NOT_IMPLEMENTED) [nsIUpdateProcessor.getServiceRegKeyExists]"  nsresult: "0x80004001 (NS_ERROR_NOT_IMPLEMENTED)"  location: "JS frame :: resource://gre/modules/BackgroundUpdate.jsm :: _reasonsToNotScheduleUpdates :: line 241"  data: no]
DevTools listening on ws://localhost:62775/devtools/browser/b2035b27-2977-4d96-b571-3a026e0c9f0f
1651020470079	Marionette	INFO	Listening on port 54697
1651020470198	RemoteAgent	WARN	TLS certificate errors will be ignored for this session
Apr. 26, 2022 8:47:50 P.M. org.openqa.selenium.remote.ProtocolHandshake createSession
INFO: Detected dialect: W3C
]]></system-err>
  </testcase>
  <testcase name="validateLogoTest" classname="com.ap.qa.testcases.LoginPageTest" time="10.168">
    <failure message="Unable to locate element: #header_logo&#10;For documentation on this error, please visit: https://selenium.dev/exceptions/#no_such_element&#10;Build info: version: &apos;4.1.1&apos;, revision: &apos;e8fcc2cecf&apos;&#10;System info: host: &apos;Riddhis-MacBook-Air.local&apos;, ip: &apos;fe80:0:0:0:101a:bbb2:b30e:4ca%en0&apos;, os.name: &apos;Mac OS X&apos;, os.arch: &apos;x86_64&apos;, os.version: &apos;10.16&apos;, java.version: &apos;14.0.2&apos;&#10;Driver info: org.openqa.selenium.firefox.FirefoxDriver&#10;Command: [c983ee8a-6cd5-4bd5-adc5-a712c6f784b3, findElement {using=id, value=header_logo}]&#10;Capabilities {acceptInsecureCerts: true, browserName: firefox, browserVersion: 99.0.1, javascriptEnabled: true, moz:accessibilityChecks: false, moz:buildID: 20220411174855, moz:debuggerAddress: localhost:56842, moz:geckodriverVersion: 0.30.0, moz:headless: false, moz:processID: 3200, moz:profile: /var/folders/84/03kvb8rn6m9..., moz:shutdownTimeout: 60000, moz:useNonSpecCompliantPointerOrigin: false, moz:webdriverClick: true, pageLoadStrategy: normal, platform: MAC, platformName: MAC, platformVersion: 20.6.0, proxy: Proxy(), se:cdp: ws://localhost:56842/devtoo..., se:cdpVersion: 85, setWindowRect: true, strictFileInteractability: false, timeouts: {implicit: 0, pageLoad: 300000, script: 30000}, unhandledPromptBehavior: dismiss and notify}&#10;Session ID: c983ee8a-6cd5-4bd5-adc5-a712c6f784b3" type="org.openqa.selenium.NoSuchElementException">org.openqa.selenium.NoSuchElementException: 
Unable to locate element: #header_logo
For documentation on this error, please visit: https://selenium.dev/exceptions/#no_such_element
Build info: version: '4.1.1', revision: 'e8fcc2cecf'
System info: host: 'Riddhis-MacBook-Air.local', ip: 'fe80:0:0:0:101a:bbb2:b30e:4ca%en0', os.name: 'Mac OS X', os.arch: 'x86_64', os.version: '10.16', java.version: '14.0.2'
Driver info: org.openqa.selenium.firefox.FirefoxDriver
Command: [c983ee8a-6cd5-4bd5-adc5-a712c6f784b3, findElement {using=id, value=header_logo}]
Capabilities {acceptInsecureCerts: true, browserName: firefox, browserVersion: 99.0.1, javascriptEnabled: true, moz:accessibilityChecks: false, moz:buildID: 20220411174855, moz:debuggerAddress: localhost:56842, moz:geckodriverVersion: 0.30.0, moz:headless: false, moz:processID: 3200, moz:profile: /var/folders/84/03kvb8rn6m9..., moz:shutdownTimeout: 60000, moz:useNonSpecCompliantPointerOrigin: false, moz:webdriverClick: true, pageLoadStrategy: normal, platform: MAC, platformName: MAC, platformVersion: 20.6.0, proxy: Proxy(), se:cdp: ws://localhost:56842/devtoo..., se:cdpVersion: 85, setWindowRect: true, strictFileInteractability: false, timeouts: {implicit: 0, pageLoad: 300000, script: 30000}, unhandledPromptBehavior: dismiss and notify}
Session ID: c983ee8a-6cd5-4bd5-adc5-a712c6f784b3
	at com.ap.qa.testcases.LoginPageTest.validateLogoTest(LoginPageTest.java:35)
</failure>
    <system-out><![CDATA[Before navigating to: 'http://automationpractice.com/index.php?controller=authentication&back=my-account'
Navigated to:'http://automationpractice.com/index.php?controller=authentication&back=my-account'
Trying to find Element By : By.id: header_logo
Exception occured: org.openqa.selenium.NoSuchElementException: Unable to locate element: #header_logo
For documentation on this error, please visit: https://selenium.dev/exceptions/#no_such_element
Build info: version: '4.1.1', revision: 'e8fcc2cecf'
System info: host: 'Riddhis-MacBook-Air.local', ip: 'fe80:0:0:0:101a:bbb2:b30e:4ca%en0', os.name: 'Mac OS X', os.arch: 'x86_64', os.version: '10.16', java.version: '14.0.2'
Driver info: org.openqa.selenium.firefox.FirefoxDriver
Command: [c983ee8a-6cd5-4bd5-adc5-a712c6f784b3, findElement {using=id, value=header_logo}]
Capabilities {acceptInsecureCerts: true, browserName: firefox, browserVersion: 99.0.1, javascriptEnabled: true, moz:accessibilityChecks: false, moz:buildID: 20220411174855, moz:debuggerAddress: localhost:56842, moz:geckodriverVersion: 0.30.0, moz:headless: false, moz:processID: 3200, moz:profile: /var/folders/84/03kvb8rn6m9..., moz:shutdownTimeout: 60000, moz:useNonSpecCompliantPointerOrigin: false, moz:webdriverClick: true, pageLoadStrategy: normal, platform: MAC, platformName: MAC, platformVersion: 20.6.0, proxy: Proxy(), se:cdp: ws://localhost:56842/devtoo..., se:cdpVersion: 85, setWindowRect: true, strictFileInteractability: false, timeouts: {implicit: 0, pageLoad: 300000, script: 30000}, unhandledPromptBehavior: dismiss and notify}
Session ID: c983ee8a-6cd5-4bd5-adc5-a712c6f784b3
]]></system-out>
    <system-err><![CDATA[1651020472490	Marionette	INFO	Stopped listening on port 54697

###!!! [Parent][PImageBridgeParent] Error: RunMessage(msgname=PImageBridge::Msg_WillClose) Channel closing: too late to send/recv, messages will be lost

1651020472960	geckodriver	INFO	Listening on 127.0.0.1:64725
1651020472993	mozrunner::runner	INFO	Running command: "/Applications/Firefox.app/Contents/MacOS/firefox-bin" "--marionette" "--remote-debugging-port" "56842" "-foreground" "-no-remote" "-profile" "/var/folders/84/03kvb8rn6m95rb0fsfplbhg40000gn/T/rust_mozprofilezESAbH"
1651020473338	Marionette	INFO	Marionette enabled
console.warn: SearchSettings: "get: No settings file exists, new profile?" (new NotFoundError("Could not open the file at /var/folders/84/03kvb8rn6m95rb0fsfplbhg40000gn/T/rust_mozprofilezESAbH/search.json.mozlz4", (void 0)))
console.error: BackgroundUpdate: 
  _reasonsToNotScheduleUpdates: Failed to check for Maintenance Service Registry Key: [Exception... "Component returned failure code: 0x80004001 (NS_ERROR_NOT_IMPLEMENTED) [nsIUpdateProcessor.getServiceRegKeyExists]"  nsresult: "0x80004001 (NS_ERROR_NOT_IMPLEMENTED)"  location: "JS frame :: resource://gre/modules/BackgroundUpdate.jsm :: _reasonsToNotScheduleUpdates :: line 241"  data: no]
DevTools listening on ws://localhost:56842/devtools/browser/d45b5055-c8e8-4a33-a757-1b89c048eba6
1651020474664	Marionette	INFO	Listening on port 54814
1651020474779	RemoteAgent	WARN	TLS certificate errors will be ignored for this session
Apr. 26, 2022 8:47:54 P.M. org.openqa.selenium.remote.ProtocolHandshake createSession
INFO: Detected dialect: W3C
1651020483933	Marionette	INFO	Stopped listening on port 54591
JavaScript error: chrome://remote/content/marionette/cert.js, line 55: NS_ERROR_NOT_AVAILABLE: Component returned failure code: 0x80040111 (NS_ERROR_NOT_AVAILABLE) [nsICertOverrideService.setDisableAllSecurityChecksAndLetAttackersInterceptMyData]

###!!! [Parent][PImageBridgeParent] Error: RunMessage(msgname=PImageBridge::Msg_WillClose) Channel closing: too late to send/recv, messages will be lost

]]></system-err>
  </testcase>
  <testcase name="validateLinkTest" classname="com.ap.qa.testcases.LoginPageTest" time="10.164">
    <failure message="Unable to locate element: //span[@class=&apos;navigation_page&apos;]&#10;For documentation on this error, please visit: https://selenium.dev/exceptions/#no_such_element&#10;Build info: version: &apos;4.1.1&apos;, revision: &apos;e8fcc2cecf&apos;&#10;System info: host: &apos;Riddhis-MacBook-Air.local&apos;, ip: &apos;fe80:0:0:0:101a:bbb2:b30e:4ca%en0&apos;, os.name: &apos;Mac OS X&apos;, os.arch: &apos;x86_64&apos;, os.version: &apos;10.16&apos;, java.version: &apos;14.0.2&apos;&#10;Driver info: org.openqa.selenium.firefox.FirefoxDriver&#10;Command: [7a5f00e0-1716-4dce-a822-e79979c89ab7, findElement {using=xpath, value=//span[@class=&apos;navigation_page&apos;]}]&#10;Capabilities {acceptInsecureCerts: true, browserName: firefox, browserVersion: 99.0.1, javascriptEnabled: true, moz:accessibilityChecks: false, moz:buildID: 20220411174855, moz:debuggerAddress: localhost:62004, moz:geckodriverVersion: 0.30.0, moz:headless: false, moz:processID: 3226, moz:profile: /var/folders/84/03kvb8rn6m9..., moz:shutdownTimeout: 60000, moz:useNonSpecCompliantPointerOrigin: false, moz:webdriverClick: true, pageLoadStrategy: normal, platform: MAC, platformName: MAC, platformVersion: 20.6.0, proxy: Proxy(), se:cdp: ws://localhost:62004/devtoo..., se:cdpVersion: 85, setWindowRect: true, strictFileInteractability: false, timeouts: {implicit: 0, pageLoad: 300000, script: 30000}, unhandledPromptBehavior: dismiss and notify}&#10;Session ID: 7a5f00e0-1716-4dce-a822-e79979c89ab7" type="org.openqa.selenium.NoSuchElementException">org.openqa.selenium.NoSuchElementException: 
Unable to locate element: //span[@class='navigation_page']
For documentation on this error, please visit: https://selenium.dev/exceptions/#no_such_element
Build info: version: '4.1.1', revision: 'e8fcc2cecf'
System info: host: 'Riddhis-MacBook-Air.local', ip: 'fe80:0:0:0:101a:bbb2:b30e:4ca%en0', os.name: 'Mac OS X', os.arch: 'x86_64', os.version: '10.16', java.version: '14.0.2'
Driver info: org.openqa.selenium.firefox.FirefoxDriver
Command: [7a5f00e0-1716-4dce-a822-e79979c89ab7, findElement {using=xpath, value=//span[@class='navigation_page']}]
Capabilities {acceptInsecureCerts: true, browserName: firefox, browserVersion: 99.0.1, javascriptEnabled: true, moz:accessibilityChecks: false, moz:buildID: 20220411174855, moz:debuggerAddress: localhost:62004, moz:geckodriverVersion: 0.30.0, moz:headless: false, moz:processID: 3226, moz:profile: /var/folders/84/03kvb8rn6m9..., moz:shutdownTimeout: 60000, moz:useNonSpecCompliantPointerOrigin: false, moz:webdriverClick: true, pageLoadStrategy: normal, platform: MAC, platformName: MAC, platformVersion: 20.6.0, proxy: Proxy(), se:cdp: ws://localhost:62004/devtoo..., se:cdpVersion: 85, setWindowRect: true, strictFileInteractability: false, timeouts: {implicit: 0, pageLoad: 300000, script: 30000}, unhandledPromptBehavior: dismiss and notify}
Session ID: 7a5f00e0-1716-4dce-a822-e79979c89ab7
	at com.ap.qa.testcases.LoginPageTest.validateLinkTest(LoginPageTest.java:42)
</failure>
    <system-out><![CDATA[Before navigating to: 'http://automationpractice.com/index.php?controller=authentication&back=my-account'
Navigated to:'http://automationpractice.com/index.php?controller=authentication&back=my-account'
Trying to find Element By : By.xpath: //span[@class='navigation_page']
Exception occured: org.openqa.selenium.NoSuchElementException: Unable to locate element: //span[@class='navigation_page']
For documentation on this error, please visit: https://selenium.dev/exceptions/#no_such_element
Build info: version: '4.1.1', revision: 'e8fcc2cecf'
System info: host: 'Riddhis-MacBook-Air.local', ip: 'fe80:0:0:0:101a:bbb2:b30e:4ca%en0', os.name: 'Mac OS X', os.arch: 'x86_64', os.version: '10.16', java.version: '14.0.2'
Driver info: org.openqa.selenium.firefox.FirefoxDriver
Command: [7a5f00e0-1716-4dce-a822-e79979c89ab7, findElement {using=xpath, value=//span[@class='navigation_page']}]
Capabilities {acceptInsecureCerts: true, browserName: firefox, browserVersion: 99.0.1, javascriptEnabled: true, moz:accessibilityChecks: false, moz:buildID: 20220411174855, moz:debuggerAddress: localhost:62004, moz:geckodriverVersion: 0.30.0, moz:headless: false, moz:processID: 3226, moz:profile: /var/folders/84/03kvb8rn6m9..., moz:shutdownTimeout: 60000, moz:useNonSpecCompliantPointerOrigin: false, moz:webdriverClick: true, pageLoadStrategy: normal, platform: MAC, platformName: MAC, platformVersion: 20.6.0, proxy: Proxy(), se:cdp: ws://localhost:62004/devtoo..., se:cdpVersion: 85, setWindowRect: true, strictFileInteractability: false, timeouts: {implicit: 0, pageLoad: 300000, script: 30000}, unhandledPromptBehavior: dismiss and notify}
Session ID: 7a5f00e0-1716-4dce-a822-e79979c89ab7
]]></system-out>
    <system-err><![CDATA[1651020485830	Marionette	INFO	Stopped listening on port 54814
1651020486382	geckodriver	INFO	Listening on 127.0.0.1:57100
1651020486416	mozrunner::runner	INFO	Running command: "/Applications/Firefox.app/Contents/MacOS/firefox-bin" "--marionette" "--remote-debugging-port" "62004" "-foreground" "-no-remote" "-profile" "/var/folders/84/03kvb8rn6m95rb0fsfplbhg40000gn/T/rust_mozprofileYBToJh"
1651020486798	Marionette	INFO	Marionette enabled
console.warn: SearchSettings: "get: No settings file exists, new profile?" (new NotFoundError("Could not open the file at /var/folders/84/03kvb8rn6m95rb0fsfplbhg40000gn/T/rust_mozprofileYBToJh/search.json.mozlz4", (void 0)))
console.error: BackgroundUpdate: 
  _reasonsToNotScheduleUpdates: Failed to check for Maintenance Service Registry Key: [Exception... "Component returned failure code: 0x80004001 (NS_ERROR_NOT_IMPLEMENTED) [nsIUpdateProcessor.getServiceRegKeyExists]"  nsresult: "0x80004001 (NS_ERROR_NOT_IMPLEMENTED)"  location: "JS frame :: resource://gre/modules/BackgroundUpdate.jsm :: _reasonsToNotScheduleUpdates :: line 241"  data: no]
DevTools listening on ws://localhost:62004/devtools/browser/1b9a6c78-2f94-442e-a15a-41f7951923e5
1651020488238	Marionette	INFO	Listening on port 54925
1651020488315	RemoteAgent	WARN	TLS certificate errors will be ignored for this session
Apr. 26, 2022 8:48:08 P.M. org.openqa.selenium.remote.ProtocolHandshake createSession
INFO: Detected dialect: W3C
]]></system-err>
  </testcase>
  <testcase name="loginTest" classname="com.ap.qa.testcases.LoginPageTest" time="0.317"/>
</testsuite>